[2026-04-02T18:28:54.133Z] GET https://rmmod.com/posts/journey-in-kong/ → 200 (189ms, 17392B)
[2026-04-02T18:28:54.326Z] GET https://cdn.jsdelivr.net/npm/normalize.css@8.0.1/normalize.min.css → 200 (84ms, 2153B)
[2026-04-02T18:28:54.326Z] GET https://rmmod.com/css/style.min.css → 200 (21ms, 79466B)
[2026-04-02T18:28:54.326Z] GET https://cdn.jsdelivr.net/npm/@fortawesome/fontawesome-free@6.1.1/css/all.min.css → 200 (77ms, 100782B)
[2026-04-02T18:28:54.326Z] GET https://cdn.jsdelivr.net/npm/animate.css@4.1.1/animate.min.css → 200 (77ms, 71750B)
[2026-04-02T18:28:54.326Z] GET https://rmmod.com/svg/loading.min.svg → 200 (23ms, 482B)
[2026-04-02T18:28:54.326Z] GET https://rmmod.com/css/_code-highlight.scss → 404 (25ms, ?B)
[2026-04-02T18:28:54.326Z] GET https://rmmod.com/cdn-cgi/scripts/7d0fa10a/cloudflare-static/rocket-loader.min.js → 200 (15ms, 12332B)
[2026-04-02T18:28:54.326Z] GET https://static.cloudflareinsights.com/beacon.min.js/v8c78df7c7c0f484497ecbca7046644da1771523124516 → 200 (76ms, 31169B)
[2026-04-02T18:28:54.445Z] GET https://cdn.jsdelivr.net/npm/@fortawesome/fontawesome-free@6.1.1/webfonts/fa-solid-900.woff2 → 200 (91ms, 154228B)
[2026-04-02T18:28:54.445Z] GET https://cdn.jsdelivr.net/npm/@fortawesome/fontawesome-free@6.1.1/webfonts/fa-regular-400.woff2 → 200 (66ms, 23940B)
[2026-04-02T18:28:54.446Z] GET https://cdn.jsdelivr.net/npm/@fortawesome/fontawesome-free@6.1.1/webfonts/fa-brands-400.woff2 → 200 (65ms, 105536B)
[2026-04-02T18:28:54.448Z] GET https://rmmod.com/js/theme.min.js → 200 (38ms, 22654B)
[2026-04-02T18:28:54.448Z] GET https://cdn.jsdelivr.net/npm/sharer.js@0.5.1/sharer.min.js → 200 (21ms, 7412B)
[2026-04-02T18:28:54.448Z] GET https://cdn.jsdelivr.net/npm/clipboard@2.0.11/dist/clipboard.min.js → 200 (20ms, 9160B)
[2026-04-02T18:28:54.448Z] GET https://cdn.jsdelivr.net/npm/lazysizes@5.3.1/lazysizes.min.js → 200 (21ms, 7889B)
[2026-04-02T18:28:54.537Z] GET https://rmmod.com/img/kong/IMG_5446.JPG → 200 (179ms, 1112523B)
[2026-04-02T18:28:54.537Z] GET https://rmmod.com/img/kong/1761137783696.jpeg → 200 (99ms, 300778B)
[2026-04-02T18:28:54.538Z] GET https://cdn.jsdelivr.net/npm/simple-icons@6.20.0/icons/line.svg → 200 (170ms, 1176B)
[2026-04-02T18:28:54.540Z] POST https://rmmod.com/cdn-cgi/rum? → 204 (96ms, ?B)
[2026-04-02T18:29:07.994Z] GET https://rmmod.com/img/kong/gartner-api-connect.avif → 200 (123ms, 51731B)
[2026-04-02T18:29:07.995Z] GET https://rmmod.com/img/kong/1761137782464.jpeg → pending (?ms, ?B)
[2026-04-02T18:29:07.995Z] GET https://rmmod.com/img/kong/1761137783156.jpeg → 200 (139ms, ?B)
[2026-04-02T18:29:07.995Z] GET https://rmmod.com/img/kong/1761137786686.jpeg → 200 (25ms, 445291B)
